<?xml version="1.0" encoding="UTF-8"?>
<!-- Generated by org.testng.reporters.JUnitReportReporter -->
<testsuite hostname="DESKTOP-69U9A25" failures="0" tests="1" name="TOPS.Athlete.Snaatak_Status" time="2.762" errors="0" timestamp="2023-10-17T12:36:32 IST" skipped="0">
  <testcase classname="TOPS.Athlete.Snaatak_Status" name="statusCheck" time="2.762"/>
</testsuite> <!-- TOPS.Athlete.Snaatak_Status -->
